<?xml version="1.0" encoding="UTF-8"?>
<testng-results ignored="0" total="4" passed="2" failed="1" skipped="1">
  <reporter-output>
  </reporter-output>
  <suite started-at="2023-09-05T11:23:03 IST" name="Suite" finished-at="2023-09-05T11:23:10 IST" duration-ms="7205">
    <groups>
      <group name="G1">
        <method signature="DependsOnReplica.f()[pri:0, instance:DependsOnReplica@71ba6d4e]" name="f" class="DependsOnReplica"/>
      </group> <!-- G1 -->
      <group name="G2">
        <method signature="DependsOnReplica.f1()[pri:0, instance:DependsOnReplica@71ba6d4e]" name="f1" class="DependsOnReplica"/>
        <method signature="DependsOnReplica.f2()[pri:0, instance:DependsOnReplica@71ba6d4e]" name="f2" class="DependsOnReplica"/>
      </group> <!-- G2 -->
      <group name="G3">
        <method signature="DependsOnReplica.f3()[pri:0, instance:DependsOnReplica@71ba6d4e]" name="f3" class="DependsOnReplica"/>
      </group> <!-- G3 -->
    </groups>
    <test started-at="2023-09-05T11:23:03 IST" name="Test" finished-at="2023-09-05T11:23:10 IST" duration-ms="7205">
      <class name="DependsOnReplica">
        <test-method signature="f()[pri:0, instance:DependsOnReplica@71ba6d4e]" started-at="2023-09-05T11:23:03 IST" name="f" finished-at="2023-09-05T11:23:10 IST" duration-ms="6764" status="PASS">
          <reporter-output>
          </reporter-output>
        </test-method> <!-- f -->
        <test-method signature="f2()[pri:0, instance:DependsOnReplica@71ba6d4e]" started-at="2023-09-05T11:23:03 IST" name="f2" finished-at="2023-09-05T11:23:03 IST" duration-ms="14" status="FAIL">
          <exception class="java.lang.NullPointerException">
            <message>
              <![CDATA[Cannot invoke "org.openqa.selenium.WebDriver.manage()" because "this.driver" is null]]>
            </message>
            <full-stacktrace>
              <![CDATA[java.lang.NullPointerException: Cannot invoke "org.openqa.selenium.WebDriver.manage()" because "this.driver" is null
at DependsOnReplica.f2(DependsOnReplica.java:24)
at java.base/jdk.internal.reflect.NativeMethodAccessorImpl.invoke0(Native Method)
at java.base/jdk.internal.reflect.NativeMethodAccessorImpl.invoke(NativeMethodAccessorImpl.java:77)
at java.base/jdk.internal.reflect.DelegatingMethodAccessorImpl.invoke(DelegatingMethodAccessorImpl.java:43)
at java.base/java.lang.reflect.Method.invoke(Method.java:568)
at org.testng.internal.invokers.MethodInvocationHelper.invokeMethod(MethodInvocationHelper.java:139)
at org.testng.internal.invokers.TestInvoker.invokeMethod(TestInvoker.java:664)
at org.testng.internal.invokers.TestInvoker.invokeTestMethod(TestInvoker.java:227)
at org.testng.internal.invokers.MethodRunner.runInSequence(MethodRunner.java:50)
at org.testng.internal.invokers.TestInvoker$MethodInvocationAgent.invoke(TestInvoker.java:957)
at org.testng.internal.invokers.TestInvoker.invokeTestMethods(TestInvoker.java:200)
at org.testng.internal.invokers.TestMethodWorker.invokeTestMethods(TestMethodWorker.java:148)
at org.testng.internal.invokers.TestMethodWorker.run(TestMethodWorker.java:128)
at java.base/java.util.concurrent.ThreadPoolExecutor.runWorker(ThreadPoolExecutor.java:1136)
at java.base/java.util.concurrent.ThreadPoolExecutor$Worker.run(ThreadPoolExecutor.java:635)
at java.base/java.lang.Thread.run(Thread.java:833)
]]>
            </full-stacktrace>
          </exception> <!-- java.lang.NullPointerException -->
          <reporter-output>
          </reporter-output>
        </test-method> <!-- f2 -->
        <test-method signature="f1()[pri:0, instance:DependsOnReplica@71ba6d4e]" started-at="2023-09-05T11:23:10 IST" name="f1" depends-on-groups="G1" finished-at="2023-09-05T11:23:10 IST" duration-ms="359" status="PASS">
          <reporter-output>
          </reporter-output>
        </test-method> <!-- f1 -->
        <test-method signature="f3()[pri:0, instance:DependsOnReplica@71ba6d4e]" started-at="2023-09-05T11:23:10 IST" name="f3" depends-on-groups="G1, G2" finished-at="2023-09-05T11:23:10 IST" duration-ms="0" status="SKIP">
          <exception class="java.lang.Throwable">
            <message>
              <![CDATA[Method DependsOnReplica.f3()[pri:0, instance:DependsOnReplica@71ba6d4e] depends on not successfully finished methods in group "G2"]]>
            </message>
            <full-stacktrace>
              <![CDATA[java.lang.Throwable: Method DependsOnReplica.f3()[pri:0, instance:DependsOnReplica@71ba6d4e] depends on not successfully finished methods in group "G2"
at org.testng.internal.invokers.TestInvoker.invokeTestMethods(TestInvoker.java:156)
at org.testng.internal.invokers.TestMethodWorker.invokeTestMethods(TestMethodWorker.java:148)
at org.testng.internal.invokers.TestMethodWorker.run(TestMethodWorker.java:128)
at java.base/java.util.concurrent.ThreadPoolExecutor.runWorker(ThreadPoolExecutor.java:1136)
at java.base/java.util.concurrent.ThreadPoolExecutor$Worker.run(ThreadPoolExecutor.java:635)
at java.base/java.lang.Thread.run(Thread.java:833)
]]>
            </full-stacktrace>
          </exception> <!-- java.lang.Throwable -->
          <reporter-output>
          </reporter-output>
        </test-method> <!-- f3 -->
      </class> <!-- DependsOnReplica -->
    </test> <!-- Test -->
  </suite> <!-- Suite -->
</testng-results>
