<?xml version="1.0" encoding="UTF-8"?>
<!-- Generated by org.testng.reporters.JUnitXMLReporter -->
<testsuite ignored="0" hostname="L-INE-6GRQVG3" failures="1" tests="4" name="Test" time="7.205" errors="0" timestamp="2023-09-05T11:23:10 IST">
  <testcase classname="DependsOnReplica" name="f2" time="0.014">
    <failure type="java.lang.NullPointerException" message="Cannot invoke &amp;quot;org.openqa.selenium.WebDriver.manage()&amp;quot; because &amp;quot;this.driver&amp;quot; is null">
      <![CDATA[java.lang.NullPointerException: Cannot invoke "org.openqa.selenium.WebDriver.manage()" because "this.driver" is null
at DependsOnReplica.f2(DependsOnReplica.java:24)
at java.base/java.util.concurrent.ThreadPoolExecutor.runWorker(ThreadPoolExecutor.java:1136)
at java.base/java.util.concurrent.ThreadPoolExecutor$Worker.run(ThreadPoolExecutor.java:635)
at java.base/java.lang.Thread.run(Thread.java:833)
... Removed 12 stack frames]]>
    </failure>
  </testcase> <!-- f2 -->
  <testcase classname="DependsOnReplica" name="f" time="6.764"/>
  <testcase classname="DependsOnReplica" name="f1" time="0.359"/>
  <testcase classname="DependsOnReplica" name="f3" time="0.0">
    <skipped/>
  </testcase> <!-- f3 -->
</testsuite> <!-- Test -->
